<?xml version="1.0" encoding="utf-8"?><testsuites name="pytest tests"><testsuite name="pytest" errors="0" failures="0" skipped="0" tests="19" time="47.920" timestamp="2026-01-23T03:18:57.407703+00:00" hostname="agent-env-841f4a9c-b257-449f-b775-5b98fde1ff08"><testcase classname="backend.tests.test_new_features.TestSharksOutEvents" name="test_events_endpoint_returns_shark_out_events" time="0.462" /><testcase classname="backend.tests.test_new_features.TestSharksOutEvents" name="test_session_sharks_have_is_out_field" time="0.041" /><testcase classname="backend.tests.test_new_features.TestSharkPhraseVariations" name="test_report_has_leitura_sharks_with_thoughts" time="0.357" /><testcase classname="backend.tests.test_new_features.TestSharkPhraseVariations" name="test_shark_thesis_matches_archetype" time="0.084" /><testcase classname="backend.tests.test_new_features.TestCinematicEndings" name="test_report_has_veredito" time="0.361" /><testcase classname="backend.tests.test_new_features.TestCinematicEndings" name="test_report_has_pergunta_provocativa" time="0.083" /><testcase classname="backend.tests.test_new_features.TestNewSessionPage" name="test_sharks_endpoint_returns_all_archetypes" time="0.320" /><testcase classname="backend.tests.test_new_features.TestNewSessionPage" name="test_session_creation_with_pitch_data" time="0.040" /><testcase classname="backend.tests.test_new_features.TestAutopsiaAnalysis" name="test_report_has_autopsia_fields" time="0.352" /><testcase classname="backend.tests.test_new_features.TestMicroSinais" name="test_report_has_micro_sinais" time="0.357" /><testcase classname="backend.tests.test_report_features.TestReportFeatures" name="test_api_health" time="0.036" /><testcase classname="backend.tests.test_report_features.TestReportFeatures" name="test_auth_works" time="0.420" /><testcase classname="backend.tests.test_report_features.TestReportFeatures" name="test_session_creation" time="0.042" /><testcase classname="backend.tests.test_report_features.TestReportFeatures" name="test_report_endpoint_requires_completed_session" time="0.079" /><testcase classname="backend.tests.test_report_features.TestReportStructure" name="test_report_model_fields" time="0.039" /><testcase classname="backend.tests.test_report_features.TestMicroSinaisStructure" name="test_micro_sinal_model_fields" time="0.000" /><testcase classname="backend.tests.test_report_features.TestAutopsiaStructure" name="test_autopsia_model_fields" time="0.000" /><testcase classname="backend.tests.test_report_features.TestReportGeneratorMethods" name="test_report_generator_imports" time="0.089" /><testcase classname="backend.tests.test_report_features.TestEndToEndReportFlow" name="test_full_session_to_report_flow" time="44.666" /></testsuite></testsuites>