<?xml version="1.0" encoding="utf-8"?><testsuites name="pytest tests"><testsuite name="pytest" errors="0" failures="0" skipped="0" tests="23" time="5.391" timestamp="2026-01-23T03:41:26.307732+00:00" hostname="agent-env-841f4a9c-b257-449f-b775-5b98fde1ff08"><testcase classname="backend.tests.test_iteration6_features.TestSharkStateGranularFields" name="test_shark_state_has_recovery_window_fields" time="0.347" /><testcase classname="backend.tests.test_iteration6_features.TestSharkStateGranularFields" name="test_shark_state_has_display_state_field" time="0.045" /><testcase classname="backend.tests.test_iteration6_features.TestSharkStateGranularFields" name="test_shark_state_has_last_chance_given_field" time="0.043" /><testcase classname="backend.tests.test_iteration6_features.TestSharkStateGranularFields" name="test_shark_state_has_frustration_shown_field" time="0.044" /><testcase classname="backend.tests.test_iteration6_features.TestContrafactualInReport" name="test_report_has_contrafactual_field" time="0.343" /><testcase classname="backend.tests.test_iteration6_features.TestContrafactualInReport" name="test_contrafactual_structure_matches_model" time="0.081" /><testcase classname="backend.tests.test_iteration6_features.TestRecoveryWindowLogic" name="test_orchestrator_module_has_recovery_window_logic" time="1.544" /><testcase classname="backend.tests.test_iteration6_features.TestRecoveryWindowLogic" name="test_shark_state_model_has_recovery_fields" time="0.000" /><testcase classname="backend.tests.test_iteration6_features.TestContrafactualItemModel" name="test_contrafactual_item_model_exists" time="0.000" /><testcase classname="backend.tests.test_iteration6_features.TestReportGeneratorContrafactual" name="test_report_generator_has_contrafactual_method" time="0.001" /><testcase classname="backend.tests.test_iteration6_features.TestSharkDisplayStateEnum" name="test_shark_display_state_enum_exists" time="0.000" /><testcase classname="backend.tests.test_iteration6_features.TestInterestBarData" name="test_shark_state_has_interest_field" time="0.303" /><testcase classname="backend.tests.test_iteration6_features.TestEndToEndNewFeatures" name="test_session_response_includes_shark_states" time="0.296" /><testcase classname="backend.tests.test_new_features.TestSharksOutEvents" name="test_events_endpoint_returns_shark_out_events" time="0.370" /><testcase classname="backend.tests.test_new_features.TestSharksOutEvents" name="test_session_sharks_have_is_out_field" time="0.043" /><testcase classname="backend.tests.test_new_features.TestSharkPhraseVariations" name="test_report_has_leitura_sharks_with_thoughts" time="0.346" /><testcase classname="backend.tests.test_new_features.TestSharkPhraseVariations" name="test_shark_thesis_matches_archetype" time="0.073" /><testcase classname="backend.tests.test_new_features.TestCinematicEndings" name="test_report_has_veredito" time="0.330" /><testcase classname="backend.tests.test_new_features.TestCinematicEndings" name="test_report_has_pergunta_provocativa" time="0.075" /><testcase classname="backend.tests.test_new_features.TestNewSessionPage" name="test_sharks_endpoint_returns_all_archetypes" time="0.289" /><testcase classname="backend.tests.test_new_features.TestNewSessionPage" name="test_session_creation_with_pitch_data" time="0.040" /><testcase classname="backend.tests.test_new_features.TestAutopsiaAnalysis" name="test_report_has_autopsia_fields" time="0.345" /><testcase classname="backend.tests.test_new_features.TestMicroSinais" name="test_report_has_micro_sinais" time="0.363" /></testsuite></testsuites>