<?xml version="1.0" encoding="utf-8"?><testsuites name="pytest tests"><testsuite name="pytest" errors="0" failures="0" skipped="0" tests="9" time="43.396" timestamp="2026-01-23T02:01:24.296857+00:00" hostname="agent-env-841f4a9c-b257-449f-b775-5b98fde1ff08"><testcase classname="tests.test_report_features.TestReportFeatures" name="test_api_health" time="0.067" /><testcase classname="tests.test_report_features.TestReportFeatures" name="test_auth_works" time="0.261" /><testcase classname="tests.test_report_features.TestReportFeatures" name="test_session_creation" time="0.036" /><testcase classname="tests.test_report_features.TestReportFeatures" name="test_report_endpoint_requires_completed_session" time="0.089" /><testcase classname="tests.test_report_features.TestReportStructure" name="test_report_model_fields" time="0.037" /><testcase classname="tests.test_report_features.TestMicroSinaisStructure" name="test_micro_sinal_model_fields" time="0.000" /><testcase classname="tests.test_report_features.TestAutopsiaStructure" name="test_autopsia_model_fields" time="0.000" /><testcase classname="tests.test_report_features.TestReportGeneratorMethods" name="test_report_generator_imports" time="0.081" /><testcase classname="tests.test_report_features.TestEndToEndReportFlow" name="test_full_session_to_report_flow" time="42.770" /></testsuite></testsuites>