<?xml version="1.0" encoding="utf-8"?><testsuites name="pytest tests"><testsuite name="pytest" errors="0" failures="0" skipped="0" tests="12" time="100.933" timestamp="2026-01-23T00:19:07.954512+00:00" hostname="agent-env-ea6656d5-a4c2-4cc9-bbc0-fbb4600c85bc"><testcase classname="tests.test_turn_persistence.TestAuthEndpoints" name="test_register_new_user" time="0.309" /><testcase classname="tests.test_turn_persistence.TestAuthEndpoints" name="test_login_existing_user" time="0.288" /><testcase classname="tests.test_turn_persistence.TestAuthEndpoints" name="test_login_invalid_credentials" time="0.056" /><testcase classname="tests.test_turn_persistence.TestSessionCreation" name="test_create_session" time="0.360" /><testcase classname="tests.test_turn_persistence.TestSessionCreation" name="test_get_sharks_archetypes" time="0.340" /><testcase classname="tests.test_turn_persistence.TestTurnCountPersistence" name="test_turn_count_increments_correctly" time="15.508" /><testcase classname="tests.test_turn_persistence.TestSharkStateEvolution" name="test_good_response_increases_interest" time="5.594" /><testcase classname="tests.test_turn_persistence.TestSharkExitBehavior" name="test_generic_responses_cause_shark_exit" time="26.022" /><testcase classname="tests.test_turn_persistence.TestMemoryPersistence" name="test_conversation_memory_persists" time="14.039" /><testcase classname="tests.test_turn_persistence.TestMessagesAndEvents" name="test_get_session_messages" time="5.619" /><testcase classname="tests.test_turn_persistence.TestMessagesAndEvents" name="test_get_session_events" time="5.963" /><testcase classname="tests.test_turn_persistence.TestSessionCompletion" name="test_session_completes_when_all_sharks_exit" time="26.696" /></testsuite></testsuites>